Error Code: 0; Area code: 0; Biz Type: 0; Occur Time: 2018-04-28 09:47:54;  Error Messege: test;
Error Code: 0; Area code: 0; Biz Type: 0; Occur Time: 2018-04-28 09:51:03;  Error Messege: test;
Error Code: 0; Area code: 0; Biz Type: 0; Occur Time: 2018-04-28 09:54:03;  Error Messege: test;
Error Code: 0; Area code: 0; Biz Type: 0; Occur Time: 2018-04-28 09:55:07;  Error Messege: test;
Error Code: 0; Area code: 0; Biz Type: 0; Occur Time: 2018-04-28 09:55:24;  Error Messege: test;
Error Code: 0; Area code: 0; Biz Type: 0; Occur Time: 2018-04-28 09:55:24;  Error Messege: test;
Error Code: 0; Area code: 0; Biz Type: 0; Occur Time: 2018-04-28 09:55:24;  Error Messege: test;
Error Code: 0; Area code: 0; Biz Type: 0; Occur Time: 2018-04-28 09:55:25;  Error Messege: test;
Error Code: 0; Area code: 0; Biz Type: 0; Occur Time: 2018-04-28 09:55:25;  Error Messege: test;
Error Code: 0; Area code: 0; Biz Type: 0; Occur Time: 2018-04-28 09:55:25;  Error Messege: test;
Error Code: 0; Area code: 0; Biz Type: 0; Occur Time: 2018-04-28 09:55:25;  Error Messege: test;
Error Code: 0; Area code: 0; Biz Type: 0; Occur Time: 2018-04-28 09:55:25;  Error Messege: test;
Error Code: 0; Area code: 0; Biz Type: 0; Occur Time: 2018-04-28 09:55:26;  Error Messege: test;
Error Code: 0; Area code: 0; Biz Type: 0; Occur Time: 2018-04-28 09:55:26;  Error Messege: test;
Error Code: 0; Area code: 0; Biz Type: 0; Occur Time: 2018-04-28 09:55:26;  Error Messege: test;
Error Code: 0; Area code: 0; Biz Type: 0; Occur Time: 2018-04-28 09:55:27;  Error Messege: test;
Error Code: 0; Area code: 0; Biz Type: 0; Occur Time: 2018-04-28 09:55:28;  Error Messege: test;
Error Code: 0; Area code: 0; Biz Type: 0; Occur Time: 2018-04-28 09:55:29;  Error Messege: test;
Error Code: 0; Area code: 0; Biz Type: 0; Occur Time: 2018-04-28 09:59:23;  Error Messege: test;
Error Code: 0; Area code: 0; Biz Type: 0; Occur Time: 2018-04-28 10:03:06;  Error Messege: test;
Error Code: 0; Area code: 0; Biz Type: 0; Occur Time: 2018-04-28 10:03:41;  Error Messege: test;
Error Code: 0; Area code: 0; Biz Type: 0; Occur Time: 2018-04-28 10:05:36;  Error Messege: test;
Error Code: 0; Area code: 0; Biz Type: 0; Occur Time: 2018-04-28 10:05:37;  Error Messege: test;
Error Code: 0; Area code: 0; Biz Type: 0; Occur Time: 2018-04-28 10:05:37;  Error Messege: test;
Error Code: 0; Area code: 0; Biz Type: 0; Occur Time: 2018-04-28 10:05:38;  Error Messege: test;
Error Code: 0; Area code: 0; Biz Type: 0; Occur Time: 2018-04-28 10:05:38;  Error Messege: test;
Error Code: 0; Area code: 0; Biz Type: 0; Occur Time: 2018-04-28 10:05:38;  Error Messege: test;
Error Code: 0; Area code: 0; Biz Type: 0; Occur Time: 2018-04-28 10:05:38;  Error Messege: test;
Error Code: 0; Area code: 0; Biz Type: 0; Occur Time: 2018-04-28 10:05:39;  Error Messege: test;
Error Code: 0; Area code: 0; Biz Type: 0; Occur Time: 2018-04-28 10:05:48;  Error Messege: test;
Error Code: 0; Area code: 0; Biz Type: 0; Occur Time: 2018-04-28 10:15:12;  Error Messege: test;
Error Code: 0; Area code: 0; Biz Type: 0; Occur Time: 2018-04-28 10:17:34;  Error Messege: test;
Error Code: 0; Area code: 0; Biz Type: 0; Occur Time: 2018-04-28 10:17:35;  Error Messege: test;
Error Code: 0; Area code: 0; Biz Type: 0; Occur Time: 2018-04-28 10:17:35;  Error Messege: test;
Error Code: 0; Area code: 0; Biz Type: 0; Occur Time: 2018-04-28 10:17:36;  Error Messege: test;
Error Code: 0; Area code: 0; Biz Type: 0; Occur Time: 2018-04-28 10:17:36;  Error Messege: test;
Error Code: 0; Area code: 0; Biz Type: 0; Occur Time: 2018-04-28 10:17:37;  Error Messege: test;
Error Code: 0; Area code: 0; Biz Type: 0; Occur Time: 2018-04-28 10:19:49;  Error Messege: test;
Error Code: 0; Area code: 0; Biz Type: 0; Occur Time: 2018-04-28 10:19:55;  Error Messege: test;
Error Code: 0; Area code: 0; Biz Type: 0; Occur Time: 2018-04-28 10:19:55;  Error Messege: test;
Error Code: 0; Area code: 0; Biz Type: 0; Occur Time: 2018-04-28 10:19:55;  Error Messege: test;
Error Code: 0; Area code: 0; Biz Type: 0; Occur Time: 2018-04-28 10:19:55;  Error Messege: test;
Error Code: 0; Area code: 0; Biz Type: 0; Occur Time: 2018-04-28 10:19:55;  Error Messege: test;
Error Code: 0; Area code: 0; Biz Type: 0; Occur Time: 2018-04-28 10:19:55;  Error Messege: test;
Error Code: 0; Area code: 0; Biz Type: 0; Occur Time: 2018-04-28 10:41:19;  Error Message: test;
Error Code: 0; Area code: 0; Biz Type: 0; Occur Time: 2018-04-28 10:41:20;  Error Message: test;
Error Code: 0; Area code: 0; Biz Type: 0; Occur Time: 2018-04-28 10:41:20;  Error Message: test;
Error Code: 0; Area code: 0; Biz Type: 0; Occur Time: 2018-04-28 10:41:20;  Error Message: test;
Error Code: 0; Area code: 0; Biz Type: 0; Occur Time: 2018-04-28 10:41:20;  Error Message: test;
Error Code: 0; Area code: 0; Biz Type: 0; Occur Time: 2018-04-28 10:41:21;  Error Message: test;
Error Code: 0; Area code: 0; Biz Type: 0; Occur Time: 2018-04-28 10:41:21;  Error Message: test;
Error Code: 0; Area code: 0; Biz Type: 0; Occur Time: 2018-04-28 10:41:21;  Error Message: test;
Error Code: 0; Area code: 0; Biz Type: 0; Occur Time: 2018-04-28 10:42:13;  Error Message: test;
Error Code: 0; Area code: 0; Biz Type: 0; Occur Time: 2018-04-28 10:42:13;  Error Message: test;
Error Code: 0; Area code: 0; Biz Type: 0; Occur Time: 2018-04-28 10:42:13;  Error Message: test;
Error Code: 0; Area code: 0; Biz Type: 0; Occur Time: 2018-04-28 10:44:36;  Error Message: test;
Error Code: 0; Area code: 0; Biz Type: 0; Occur Time: 2018-04-28 10:44:36;  Error Message: test;
Error Code: 0; Area code: 0; Biz Type: 0; Occur Time: 2018-04-28 10:44:36;  Error Message: test;
Error Code: 0; Area code: 0; Biz Type: 0; Occur Time: 2018-04-28 10:44:36;  Error Message: test;
Error Code: 0; Area code: 0; Biz Type: 0; Occur Time: 2018-04-28 10:44:37;  Error Message: test;
Error Code: 0; Area code: 0; Biz Type: 0; Occur Time: 2018-04-28 10:44:37;  Error Message: test;
Error Code: 0; Area code: 0; Biz Type: 0; Occur Time: 2018-04-28 10:44:37;  Error Message: test;
Error Code: 0; Area code: 0; Biz Type: 0; Occur Time: 2018-04-28 10:44:37;  Error Message: test;
Error Code: 0; Area code: 0; Biz Type: 0; Occur Time: 2018-04-28 10:44:37;  Error Message: test;
Error Code: 0; Area code: 0; Biz Type: 0; Occur Time: 2018-04-28 10:44:38;  Error Message: test;
Error Code: 0; Area code: 0; Biz Type: 0; Occur Time: 2018-04-28 10:44:43;  Error Message: test222;
Error Code: 0; Area code: 0; Biz Type: 0; Occur Time: 2018-04-28 10:44:43;  Error Message: test222;
Error Code: 0; Area code: 0; Biz Type: 0; Occur Time: 2018-04-28 10:44:43;  Error Message: test222;
Error Code: 0; Area code: 0; Biz Type: 0; Occur Time: 2018-04-28 10:44:43;  Error Message: test222;
Error Code: 0; Area code: 0; Biz Type: 0; Occur Time: 2018-04-28 10:44:43;  Error Message: test222;
Error Code: 0; Area code: 0; Biz Type: 0; Occur Time: 2018-04-28 10:44:44;  Error Message: test222;
Error Code: 0; Area code: 0; Biz Type: 0; Occur Time: 2018-04-28 10:44:44;  Error Message: test222;
Error Code: 0; Area code: 0; Biz Type: 0; Occur Time: 2018-04-28 10:44:44;  Error Message: test222;
Error Code: 0; Area code: 0; Biz Type: 0; Occur Time: 2018-04-28 10:44:44;  Error Message: test222;
Error Code: 0; Area code: 0; Biz Type: 0; Occur Time: 2018-04-28 10:44:44;  Error Message: test222;
Error Code: 0; Area code: 0; Biz Type: 0; Occur Time: 2018-04-28 12:06:21;  Error Message: test222;
Error Code: 0; Area code: 0; Biz Type: 0; Occur Time: 2018-04-28 12:06:46;  Error Message: test222;
Error Code: 0; Area code: 0; Biz Type: 0; Occur Time: 2018-05-02 04:25:56;  Error Message: test1025;
Error Code: 0; Area code: 0; Biz Type: 0; Occur Time: 2018-05-02 04:26:02;  Error Message: test1025;
Error Code: 0; Area code: 0; Biz Type: 0; Occur Time: 2018-05-02 04:26:02;  Error Message: test1025;
Error Code: 0; Area code: 0; Biz Type: 0; Occur Time: 2018-05-02 04:26:02;  Error Message: test1025;
Error Code: 0; Area code: 0; Biz Type: 0; Occur Time: 2018-05-02 04:26:02;  Error Message: test1025;
Error Code: 0; Area code: 0; Biz Type: 0; Occur Time: 2018-05-02 04:26:02;  Error Message: test1025;
Error Code: 0; Area code: 0; Biz Type: 0; Occur Time: 2018-05-02 04:26:03;  Error Message: test1025;
Error Code: 0; Area code: 0; Biz Type: 0; Occur Time: 2018-05-02 04:27:45;  Error Message: test1025;
Error Code: 0; Area code: 0; Biz Type: 0; Occur Time: 2018-05-02 04:28:43;  Error Message: test1025;
Error Code: 0; Area code: 0; Biz Type: 0; Occur Time: 2018-05-02 05:07:57;  Error Message: test1025;
{\"Occur Time\":\"2018-05-28 08:53:01\",\"Error Message\":\"adass\",\"IP\":\"::1\",\"Error Code\":0,\"Area code\":0,\"Biz Type\":0}
{\"Occur Time\":\"2018-05-28 08:53:08\",\"Error Message\":\"adass\",\"IP\":\"::1\",\"Error Code\":0,\"Area code\":0,\"Biz Type\":0}
{\"Occur Time\":\"2018-05-28 08:53:51\",\"Error Message\":\"adass\",\"IP\":\"::1\",\"Error Code\":0,\"Area code\":0,\"Biz Type\":0}
{\"Occur Time\":\"2018-05-28 08:53:57\",\"Error Message\":\"adass\",\"IP\":\"::1\",\"Error Code\":0,\"Area code\":0,\"Biz Type\":0}
{\"Occur Time\":\"2018-05-28 08:54:02\",\"Error Message\":\"adass\",\"IP\":\"::1\",\"Error Code\":0,\"Area code\":0,\"Biz Type\":0}
{\"Occur Time\":\"2018-05-28 08:54:02\",\"Error Message\":\"adass\",\"IP\":\"::1\",\"Error Code\":0,\"Area code\":0,\"Biz Type\":0}
{\"Occur Time\":\"2018-05-28 08:54:03\",\"Error Message\":\"adass\",\"IP\":\"::1\",\"Error Code\":0,\"Area code\":0,\"Biz Type\":0}
{\"Occur Time\":\"2018-05-28 08:54:06\",\"Error Message\":\"adass\",\"IP\":\"::1\",\"Error Code\":0,\"Area code\":0,\"Biz Type\":0}
{\"Occur Time\":\"2018-05-28 08:54:06\",\"Error Message\":\"adass\",\"IP\":\"::1\",\"Error Code\":0,\"Area code\":0,\"Biz Type\":0}
{\"Occur Time\":\"2018-05-28 08:59:09\",\"Error Message\":\"adass\",\"IP\":\"::1\",\"Error Code\":0,\"Area code\":0,\"Biz Type\":0}
{\"Occur Time\":\"2018-05-28 09:00:04\",\"Error Message\":\"adass\",\"IP\":\"::1\",\"Error Code\":0,\"Area code\":0,\"Biz Type\":0}
{\"Occur Time\":\"2018-05-28 09:01:04\",\"Error Message\":\"adass\",\"IP\":\"::1\",\"Error Code\":0,\"Area code\":0,\"Biz Type\":0}
{\"Occur Time\":\"2018-05-28 09:04:14\",\"Error Message\":\"adass\",\"IP\":\"::1\",\"Error Code\":0,\"Area code\":0,\"Biz Type\":0}
{\"Occur Time\":\"2018-05-28 09:04:16\",\"Error Message\":\"adass\",\"IP\":\"::1\",\"Error Code\":0,\"Area code\":0,\"Biz Type\":0}
{\"Occur Time\":\"2018-05-28 09:04:33\",\"Error Message\":\"adass\",\"IP\":\"::1\",\"Error Code\":0,\"Area code\":0,\"Biz Type\":0}
{\"Occur Time\":\"2018-05-28 09:04:45\",\"Error Message\":\"adass\",\"IP\":\"::1\",\"Error Code\":0,\"Area code\":0,\"Biz Type\":0}
{\"Occur Time\":\"2018-05-28 09:05:40\",\"Error Message\":\"adass\",\"IP\":\"::1\",\"Error Code\":0,\"Area code\":0,\"Biz Type\":0}
{\"Occur Time\":\"2018-05-28 09:09:50\",\"Error Message\":\"adass\",\"IP\":\"::1\",\"Error Code\":0,\"Area code\":0,\"Biz Type\":0}
{\"Occur Time\":\"2018-05-28 09:10:32\",\"Error Message\":\"adass\",\"IP\":\"::1\",\"Error Code\":0,\"Area code\":0,\"Biz Type\":0}
{\"Occur Time\":\"2018-05-28 09:11:50\",\"Error Message\":\"adass\",\"IP\":\"::1\",\"Error Code\":0,\"Area code\":0,\"Biz Type\":0}
{\"Occur Time\":\"2018-05-28 09:13:18\",\"Error Message\":\"adass\",\"IP\":\"::1\",\"Error Code\":0,\"Area code\":0,\"Biz Type\":0}
{\"Occur Time\":\"2018-05-28 09:13:20\",\"Error Message\":\"adass\",\"IP\":\"::1\",\"Error Code\":0,\"Area code\":0,\"Biz Type\":0}
{\"Occur Time\":\"2018-05-28 09:13:29\",\"Error Message\":\"adass\",\"IP\":\"::1\",\"Error Code\":0,\"Area code\":0,\"Biz Type\":0}
{\"Occur Time\":\"2018-05-31 09:56:24\",\"Error Message\":\"mdg\",\"IP\":\"::1\",\"Error Code\":\"1\",\"Area code\":\"1\",\"Biz Type\":\"0\",\"Level\":\"3\"}
{\"Occur Time\":\"2018-05-31 10:03:39\",\"Error Message\":\"mdg\",\"IP\":\"::1\",\"Error Code\":\"1\",\"Area code\":\"1\",\"Biz Type\":\"0\",\"Level\":\"3\"}
{\"Occur Time\":\"2018-05-31 16:06:48\",\"Error Message\":\"mdg\",\"IP\":\"::1\",\"Error Code\":\"1\",\"Area code\":\"1\",\"Biz Type\":\"0\",\"Level\":\"3\"}
{\"Occur Time\":\"2018-05-31 19:23:13\",\"Error Message\":\"mdg\",\"IP\":\"::1\",\"Error Code\":\"1\",\"Area code\":\"1\",\"Biz Type\":\"0\",\"Level\":\"3\"}
